<?xml version="1.0" encoding="UTF-8"?>
<!-- Generated by org.testng.reporters.JUnitXMLReporter -->
<testsuite hostname="DESKTOP-UMGRGII" ignored="0" name="Default test" tests="3" failures="0" timestamp="12 Apr 2019 09:29:36 GMT" time="24.216" errors="0">
  <testcase name="Set_Excel" time="0.768" classname="Test_Scripts.Main_Test_Script"/>
  <testcase name="Login" time="7.084" classname="Test_Scripts.Main_Test_Script"/>
  <testcase name="AddEmploye" time="7.516" classname="Test_Scripts.Main_Test_Script"/>
</testsuite> <!-- Default test -->
