<?xml version="1.0" encoding="UTF-8"?>
<!-- Generated by org.testng.reporters.JUnitXMLReporter -->
<testsuite hostname="LAPTOP-1AEUC6QJ" ignored="0" name="Default test" tests="4" failures="0" timestamp="03 Aug 2019 10:41:27 GMT" time="45.157" errors="0">
  <testcase name="Wait" time="0.025" classname="Test_Scripts.Main_Test_Script"/>
  <testcase name="Set_Excel" time="1.694" classname="Test_Scripts.Main_Test_Script"/>
  <testcase name="Login" time="11.124" classname="Test_Scripts.Main_Test_Script"/>
  <testcase name="AddingJob" time="17.64" classname="Test_Scripts.Main_Test_Script"/>
</testsuite> <!-- Default test -->
