<?xml version="1.0" encoding="UTF-8"?>
<!-- Generated by org.testng.reporters.JUnitXMLReporter -->
<testsuite hostname="DESKTOP-FLP0M0B" ignored="2" name="Default test" tests="1" failures="0" timestamp="14 Feb 2020 09:47:44 GMT" time="46.209" errors="0">
  <testcase name="Login" time="36.21" classname="Test_Scripts.Test_Suit"/>
  <testcase name="AddingJob" time="0.0" classname="Test_Scripts.Test_Suit">
    <ignored/>
  </testcase> <!-- AddingJob -->
  <testcase name="SalaryComponents" time="0.0" classname="Test_Scripts.Test_Suit">
    <ignored/>
  </testcase> <!-- SalaryComponents -->
</testsuite> <!-- Default test -->
