<?xml version="1.0" encoding="UTF-8"?>
<!-- Generated by org.testng.reporters.JUnitXMLReporter -->
<testsuite hostname="DESKTOP-UMGRGII" ignored="0" name="Default test" tests="3" failures="0" timestamp="27 Sep 2019 10:09:37 GMT" time="53.199" errors="0">
  <testcase name="Set_Excel" time="1.038" classname="Test_Scripts.Main_Test_Script"/>
  <testcase name="Login" time="10.724" classname="Test_Scripts.Main_Test_Script"/>
  <testcase name="SalaryComponents" time="26.726" classname="Test_Scripts.Main_Test_Script"/>
</testsuite> <!-- Default test -->
