<?xml version="1.0" encoding="UTF-8"?>
<!-- Generated by org.testng.reporters.JUnitXMLReporter -->
<testsuite hostname="DESKTOP-UMGRGII" ignored="0" name="Default test" tests="3" failures="0" timestamp="12 Apr 2019 12:53:55 GMT" time="25.863" errors="0">
  <testcase name="Set_Excel" time="0.657" classname="Test_Scripts.Main_Test_Script"/>
  <testcase name="Login" time="8.661" classname="Test_Scripts.Main_Test_Script"/>
  <testcase name="AddEmploye" time="7.759" classname="Test_Scripts.Main_Test_Script"/>
</testsuite> <!-- Default test -->
