<?xml version="1.0" encoding="UTF-8"?>
<!-- Generated by org.testng.reporters.JUnitXMLReporter -->
<testsuite hostname="DESKTOP-UMGRGII" ignored="0" name="Default test" tests="4" failures="0" timestamp="19 Jul 2019 10:17:11 GMT" time="37.131" errors="0">
  <testcase name="Wait" time="0.008" classname="Test_Scripts.Main_Test_Script"/>
  <testcase name="Set_Excel" time="0.592" classname="Test_Scripts.Main_Test_Script"/>
  <testcase name="Login" time="11.012" classname="Test_Scripts.Main_Test_Script"/>
  <testcase name="AddingJob" time="16.44" classname="Test_Scripts.Main_Test_Script"/>
</testsuite> <!-- Default test -->
