<?xml version="1.0" encoding="UTF-8"?>
<!-- Generated by org.testng.reporters.JUnitXMLReporter -->
<testsuite hostname="DESKTOP-UMGRGII" ignored="2" name="CompleteProcess" tests="1" failures="1" timestamp="11 Oct 2019 13:31:40 GMT" time="9.108" errors="0">
  <testcase name="Login" time="0.014" classname="Test_Scripts.Main_Test_Script">
    <failure type="java.lang.NullPointerException">
      <![CDATA[java.lang.NullPointerException
at Test_Scripts.Main_Test_Script.Login(Main_Test_Script.java:85)
... Removed 25 stack frames]]>
    </failure>
  </testcase> <!-- Login -->
  <testcase name="Set_Excel" time="0.0" classname="Test_Scripts.Main_Test_Script">
    <ignored/>
  </testcase> <!-- Set_Excel -->
  <testcase name="SalaryComponents" time="0.0" classname="Test_Scripts.Main_Test_Script">
    <ignored/>
  </testcase> <!-- SalaryComponents -->
</testsuite> <!-- CompleteProcess -->
