<?xml version="1.0" encoding="UTF-8"?>
<testng-results skipped="0" failed="0" ignored="0" total="4" passed="4">
  <reporter-output>
  </reporter-output>
  <suite name="Default suite" duration-ms="45157" started-at="2019-08-03T10:40:42Z" finished-at="2019-08-03T10:41:27Z">
    <groups>
    </groups>
    <test name="Default test" duration-ms="45157" started-at="2019-08-03T10:40:42Z" finished-at="2019-08-03T10:41:27Z">
      <class name="Test_Scripts.Main_Test_Script">
        <test-method status="PASS" signature="SetUp()[pri:0, instance:Test_Scripts.Main_Test_Script@4dfa3a9d]" name="SetUp" is-config="true" duration-ms="14051" started-at="2019-08-03T10:40:42Z" finished-at="2019-08-03T10:40:56Z">
          <reporter-output>
          </reporter-output>
        </test-method> <!-- SetUp -->
        <test-method status="PASS" signature="Wait()[pri:0, instance:Test_Scripts.Main_Test_Script@4dfa3a9d]" name="Wait" duration-ms="25" started-at="2019-08-03T10:40:56Z" finished-at="2019-08-03T10:40:56Z">
          <reporter-output>
          </reporter-output>
        </test-method> <!-- Wait -->
        <test-method status="PASS" signature="Set_Excel()[pri:1, instance:Test_Scripts.Main_Test_Script@4dfa3a9d]" name="Set_Excel" duration-ms="1694" started-at="2019-08-03T10:40:56Z" finished-at="2019-08-03T10:40:58Z">
          <reporter-output>
          </reporter-output>
        </test-method> <!-- Set_Excel -->
        <test-method status="PASS" signature="Login()[pri:2, instance:Test_Scripts.Main_Test_Script@4dfa3a9d]" name="Login" duration-ms="11124" started-at="2019-08-03T10:40:58Z" finished-at="2019-08-03T10:41:09Z">
          <reporter-output>
          </reporter-output>
        </test-method> <!-- Login -->
        <test-method status="PASS" signature="AddingJob()[pri:3, instance:Test_Scripts.Main_Test_Script@4dfa3a9d]" name="AddingJob" duration-ms="17640" started-at="2019-08-03T10:41:09Z" finished-at="2019-08-03T10:41:27Z">
          <reporter-output>
          </reporter-output>
        </test-method> <!-- AddingJob -->
        <test-method status="PASS" signature="TearDown()[pri:0, instance:Test_Scripts.Main_Test_Script@4dfa3a9d]" name="TearDown" is-config="true" duration-ms="526" started-at="2019-08-03T10:41:27Z" finished-at="2019-08-03T10:41:27Z">
          <reporter-output>
          </reporter-output>
        </test-method> <!-- TearDown -->
      </class> <!-- Test_Scripts.Main_Test_Script -->
    </test> <!-- Default test -->
  </suite> <!-- Default suite -->
</testng-results>
