<?xml version="1.0" encoding="UTF-8"?>
<testng-results skipped="0" failed="1" ignored="0" total="5" passed="4">
  <reporter-output>
  </reporter-output>
  <suite name="Default suite" duration-ms="64235" started-at="2019-04-29T14:05:59Z" finished-at="2019-04-29T14:07:03Z">
    <groups>
    </groups>
    <test name="Default test" duration-ms="64235" started-at="2019-04-29T14:05:59Z" finished-at="2019-04-29T14:07:03Z">
      <class name="Test_Scripts.Main_Test_Script">
        <test-method status="PASS" signature="SetUp()[pri:0, instance:Test_Scripts.Main_Test_Script@77f99a05]" name="SetUp" is-config="true" duration-ms="7821" started-at="2019-04-29T14:05:59Z" finished-at="2019-04-29T14:06:07Z">
          <reporter-output>
          </reporter-output>
        </test-method> <!-- SetUp -->
        <test-method status="PASS" signature="Wait()[pri:0, instance:Test_Scripts.Main_Test_Script@77f99a05]" name="Wait" duration-ms="10" started-at="2019-04-29T14:06:07Z" finished-at="2019-04-29T14:06:07Z">
          <reporter-output>
          </reporter-output>
        </test-method> <!-- Wait -->
        <test-method status="PASS" signature="Set_Excel()[pri:1, instance:Test_Scripts.Main_Test_Script@77f99a05]" name="Set_Excel" duration-ms="646" started-at="2019-04-29T14:06:07Z" finished-at="2019-04-29T14:06:08Z">
          <reporter-output>
          </reporter-output>
        </test-method> <!-- Set_Excel -->
        <test-method status="PASS" signature="Login()[pri:2, instance:Test_Scripts.Main_Test_Script@77f99a05]" name="Login" duration-ms="10332" started-at="2019-04-29T14:06:08Z" finished-at="2019-04-29T14:06:18Z">
          <reporter-output>
          </reporter-output>
        </test-method> <!-- Login -->
        <test-method status="PASS" signature="AddVacency()[pri:3, instance:Test_Scripts.Main_Test_Script@77f99a05]" name="AddVacency" duration-ms="32826" started-at="2019-04-29T14:06:18Z" finished-at="2019-04-29T14:06:51Z">
          <reporter-output>
          </reporter-output>
        </test-method> <!-- AddVacency -->
        <test-method status="FAIL" signature="SalComp()[pri:4, instance:Test_Scripts.Main_Test_Script@77f99a05]" name="SalComp" duration-ms="11852" started-at="2019-04-29T14:06:51Z" finished-at="2019-04-29T14:07:03Z">
          <exception class="org.openqa.selenium.NoSuchElementException">
            <message>
              <![CDATA[no such element: Unable to locate element: {"method":"xpath","selector":"//*[@id="name"]"}
  (Session info: chrome=74.0.3729.108)
  (Driver info: chromedriver=74.0.3729.6 (255758eccf3d244491b8a1317aa76e1ce10d57e9-refs/branch-heads/3729@{#29}),platform=Windows NT 10.0.17763 x86_64) (WARNING: The server did not provide any stacktrace information)
Command duration or timeout: 10.04 seconds
For documentation on this error, please visit: http://seleniumhq.org/exceptions/no_such_element.html
Build info: version: '3.4.0', revision: 'unknown', time: 'unknown'
System info: host: 'DESKTOP-UMGRGII', ip: '10.155.134.5', os.name: 'Windows 10', os.arch: 'amd64', os.version: '10.0', java.version: '1.8.0_211'
Driver info: org.openqa.selenium.chrome.ChromeDriver
Capabilities [{mobileEmulationEnabled=false, timeouts={implicit=0.0, pageLoad=300000.0, script=30000.0}, hasTouchScreen=false, platform=XP, acceptSslCerts=false, goog:chromeOptions={debuggerAddress=localhost:60104}, acceptInsecureCerts=false, webStorageEnabled=true, browserName=chrome, takesScreenshot=true, javascriptEnabled=true, setWindowRect=true, unexpectedAlertBehaviour=ignore, applicationCacheEnabled=false, rotatable=false, networkConnectionEnabled=false, chrome={chromedriverVersion=74.0.3729.6 (255758eccf3d244491b8a1317aa76e1ce10d57e9-refs/branch-heads/3729@{#29}), userDataDir=C:\Users\Ebiz\AppData\Local\Temp\scoped_dir2492_15810}, takesHeapSnapshot=true, pageLoadStrategy=normal, strictFileInteractability=false, databaseEnabled=false, handlesAlerts=true, version=74.0.3729.108, browserConnectionEnabled=false, proxy=Proxy(), nativeEvents=true, locationContextEnabled=true, cssSelectorsEnabled=true}]
Session ID: b078381179d47802f8b7f574b5499520
*** Element info: {Using=xpath, value=//*[@id="name"]}]]>
            </message>
            <full-stacktrace>
              <![CDATA[org.openqa.selenium.NoSuchElementException: no such element: Unable to locate element: {"method":"xpath","selector":"//*[@id="name"]"}
  (Session info: chrome=74.0.3729.108)
  (Driver info: chromedriver=74.0.3729.6 (255758eccf3d244491b8a1317aa76e1ce10d57e9-refs/branch-heads/3729@{#29}),platform=Windows NT 10.0.17763 x86_64) (WARNING: The server did not provide any stacktrace information)
Command duration or timeout: 10.04 seconds
For documentation on this error, please visit: http://seleniumhq.org/exceptions/no_such_element.html
Build info: version: '3.4.0', revision: 'unknown', time: 'unknown'
System info: host: 'DESKTOP-UMGRGII', ip: '10.155.134.5', os.name: 'Windows 10', os.arch: 'amd64', os.version: '10.0', java.version: '1.8.0_211'
Driver info: org.openqa.selenium.chrome.ChromeDriver
Capabilities [{mobileEmulationEnabled=false, timeouts={implicit=0.0, pageLoad=300000.0, script=30000.0}, hasTouchScreen=false, platform=XP, acceptSslCerts=false, goog:chromeOptions={debuggerAddress=localhost:60104}, acceptInsecureCerts=false, webStorageEnabled=true, browserName=chrome, takesScreenshot=true, javascriptEnabled=true, setWindowRect=true, unexpectedAlertBehaviour=ignore, applicationCacheEnabled=false, rotatable=false, networkConnectionEnabled=false, chrome={chromedriverVersion=74.0.3729.6 (255758eccf3d244491b8a1317aa76e1ce10d57e9-refs/branch-heads/3729@{#29}), userDataDir=C:\Users\Ebiz\AppData\Local\Temp\scoped_dir2492_15810}, takesHeapSnapshot=true, pageLoadStrategy=normal, strictFileInteractability=false, databaseEnabled=false, handlesAlerts=true, version=74.0.3729.108, browserConnectionEnabled=false, proxy=Proxy(), nativeEvents=true, locationContextEnabled=true, cssSelectorsEnabled=true}]
Session ID: b078381179d47802f8b7f574b5499520
*** Element info: {Using=xpath, value=//*[@id="name"]}
at sun.reflect.NativeConstructorAccessorImpl.newInstance0(Native Method)
at sun.reflect.NativeConstructorAccessorImpl.newInstance(NativeConstructorAccessorImpl.java:62)
at sun.reflect.DelegatingConstructorAccessorImpl.newInstance(DelegatingConstructorAccessorImpl.java:45)
at java.lang.reflect.Constructor.newInstance(Constructor.java:423)
at org.openqa.selenium.remote.ErrorHandler.createThrowable(ErrorHandler.java:215)
at org.openqa.selenium.remote.ErrorHandler.throwIfResponseFailed(ErrorHandler.java:167)
at org.openqa.selenium.remote.RemoteWebDriver.execute(RemoteWebDriver.java:671)
at org.openqa.selenium.remote.RemoteWebDriver.findElement(RemoteWebDriver.java:410)
at org.openqa.selenium.remote.RemoteWebDriver.findElementByXPath(RemoteWebDriver.java:509)
at org.openqa.selenium.By$ByXPath.findElement(By.java:361)
at org.openqa.selenium.remote.RemoteWebDriver.findElement(RemoteWebDriver.java:402)
at Locators.Sal_Comp_Locators.CompName(Sal_Comp_Locators.java:23)
at Test_Scripts.Sal_Comp.SalComp(Sal_Comp.java:37)
at Test_Scripts.Main_Test_Script.SalComp(Main_Test_Script.java:115)
at sun.reflect.NativeMethodAccessorImpl.invoke0(Native Method)
at sun.reflect.NativeMethodAccessorImpl.invoke(NativeMethodAccessorImpl.java:62)
at sun.reflect.DelegatingMethodAccessorImpl.invoke(DelegatingMethodAccessorImpl.java:43)
at java.lang.reflect.Method.invoke(Method.java:498)
at org.testng.internal.MethodInvocationHelper.invokeMethod(MethodInvocationHelper.java:124)
at org.testng.internal.Invoker.invokeMethod(Invoker.java:583)
at org.testng.internal.Invoker.invokeTestMethod(Invoker.java:719)
at org.testng.internal.Invoker.invokeTestMethods(Invoker.java:989)
at org.testng.internal.TestMethodWorker.invokeTestMethods(TestMethodWorker.java:125)
at org.testng.internal.TestMethodWorker.run(TestMethodWorker.java:109)
at org.testng.TestRunner.privateRun(TestRunner.java:648)
at org.testng.TestRunner.run(TestRunner.java:505)
at org.testng.SuiteRunner.runTest(SuiteRunner.java:455)
at org.testng.SuiteRunner.runSequentially(SuiteRunner.java:450)
at org.testng.SuiteRunner.privateRun(SuiteRunner.java:415)
at org.testng.SuiteRunner.run(SuiteRunner.java:364)
at org.testng.SuiteRunnerWorker.runSuite(SuiteRunnerWorker.java:52)
at org.testng.SuiteRunnerWorker.run(SuiteRunnerWorker.java:84)
at org.testng.TestNG.runSuitesSequentially(TestNG.java:1208)
at org.testng.TestNG.runSuitesLocally(TestNG.java:1137)
at org.testng.TestNG.runSuites(TestNG.java:1049)
at org.testng.TestNG.run(TestNG.java:1017)
at org.testng.remote.AbstractRemoteTestNG.run(AbstractRemoteTestNG.java:115)
at org.testng.remote.RemoteTestNG.initAndRun(RemoteTestNG.java:251)
at org.testng.remote.RemoteTestNG.main(RemoteTestNG.java:77)
]]>
            </full-stacktrace>
          </exception> <!-- org.openqa.selenium.NoSuchElementException -->
          <reporter-output>
          </reporter-output>
        </test-method> <!-- SalComp -->
        <test-method status="PASS" signature="TearDown()[pri:0, instance:Test_Scripts.Main_Test_Script@77f99a05]" name="TearDown" is-config="true" duration-ms="707" started-at="2019-04-29T14:07:03Z" finished-at="2019-04-29T14:07:03Z">
          <reporter-output>
          </reporter-output>
        </test-method> <!-- TearDown -->
      </class> <!-- Test_Scripts.Main_Test_Script -->
    </test> <!-- Default test -->
  </suite> <!-- Default suite -->
</testng-results>
