<?xml version="1.0" encoding="UTF-8"?>
<testng-results skipped="0" failed="0" ignored="0" total="1" passed="1">
  <reporter-output>
  </reporter-output>
  <suite name="Default suite" duration-ms="7310" started-at="2019-03-20T12:44:50Z" finished-at="2019-03-20T12:44:57Z">
    <groups>
    </groups>
    <test name="Default test" duration-ms="7310" started-at="2019-03-20T12:44:50Z" finished-at="2019-03-20T12:44:57Z">
      <class name="Test_Scripts.Main_Test_Script">
        <test-method status="PASS" signature="beforeTest()[pri:0, instance:Test_Scripts.Main_Test_Script@1a3869f4]" name="beforeTest" is-config="true" duration-ms="7272" started-at="2019-03-20T12:44:50Z" finished-at="2019-03-20T12:44:57Z">
          <reporter-output>
          </reporter-output>
        </test-method> <!-- beforeTest -->
        <test-method status="PASS" signature="test()[pri:0, instance:Test_Scripts.Main_Test_Script@1a3869f4]" name="test" duration-ms="6" started-at="2019-03-20T12:44:57Z" finished-at="2019-03-20T12:44:57Z">
          <reporter-output>
          </reporter-output>
        </test-method> <!-- test -->
        <test-method status="PASS" signature="afterTest()[pri:0, instance:Test_Scripts.Main_Test_Script@1a3869f4]" name="afterTest" is-config="true" duration-ms="0" started-at="2019-03-20T12:44:57Z" finished-at="2019-03-20T12:44:57Z">
          <reporter-output>
          </reporter-output>
        </test-method> <!-- afterTest -->
      </class> <!-- Test_Scripts.Main_Test_Script -->
    </test> <!-- Default test -->
  </suite> <!-- Default suite -->
</testng-results>
