<?xml version="1.0" encoding="UTF-8"?>
<testng-results skipped="0" failed="0" ignored="0" total="3" passed="3">
  <reporter-output>
  </reporter-output>
  <suite name="Default suite" duration-ms="24216" started-at="2019-04-12T09:29:12Z" finished-at="2019-04-12T09:29:36Z">
    <groups>
    </groups>
    <test name="Default test" duration-ms="24216" started-at="2019-04-12T09:29:12Z" finished-at="2019-04-12T09:29:36Z">
      <class name="Test_Scripts.Main_Test_Script">
        <test-method status="PASS" signature="SetUp()[pri:0, instance:Test_Scripts.Main_Test_Script@1a3869f4]" name="SetUp" is-config="true" duration-ms="8158" started-at="2019-04-12T09:29:12Z" finished-at="2019-04-12T09:29:20Z">
          <reporter-output>
          </reporter-output>
        </test-method> <!-- SetUp -->
        <test-method status="PASS" signature="Set_Excel()[pri:1, instance:Test_Scripts.Main_Test_Script@1a3869f4]" name="Set_Excel" duration-ms="768" started-at="2019-04-12T09:29:20Z" finished-at="2019-04-12T09:29:21Z">
          <reporter-output>
          </reporter-output>
        </test-method> <!-- Set_Excel -->
        <test-method status="PASS" signature="Login()[pri:2, instance:Test_Scripts.Main_Test_Script@1a3869f4]" name="Login" duration-ms="7084" started-at="2019-04-12T09:29:21Z" finished-at="2019-04-12T09:29:28Z">
          <reporter-output>
          </reporter-output>
        </test-method> <!-- Login -->
        <test-method status="PASS" signature="AddEmploye()[pri:3, instance:Test_Scripts.Main_Test_Script@1a3869f4]" name="AddEmploye" duration-ms="7516" started-at="2019-04-12T09:29:28Z" finished-at="2019-04-12T09:29:35Z">
          <reporter-output>
          </reporter-output>
        </test-method> <!-- AddEmploye -->
        <test-method status="PASS" signature="TearDown()[pri:0, instance:Test_Scripts.Main_Test_Script@1a3869f4]" name="TearDown" is-config="true" duration-ms="671" started-at="2019-04-12T09:29:35Z" finished-at="2019-04-12T09:29:36Z">
          <reporter-output>
          </reporter-output>
        </test-method> <!-- TearDown -->
      </class> <!-- Test_Scripts.Main_Test_Script -->
    </test> <!-- Default test -->
  </suite> <!-- Default suite -->
</testng-results>
