<?xml version="1.0" encoding="UTF-8"?>
<testng-results skipped="0" failed="0" ignored="0" total="3" passed="3">
  <reporter-output>
  </reporter-output>
  <suite name="Default suite" duration-ms="53199" started-at="2019-09-27T10:08:44Z" finished-at="2019-09-27T10:09:37Z">
    <groups>
    </groups>
    <test name="Default test" duration-ms="53199" started-at="2019-09-27T10:08:44Z" finished-at="2019-09-27T10:09:37Z">
      <class name="Test_Scripts.Main_Test_Script">
        <test-method status="PASS" signature="SetUp()[pri:0, instance:Test_Scripts.Main_Test_Script@548e7350]" name="SetUp" is-config="true" duration-ms="12019" started-at="2019-09-27T10:08:44Z" finished-at="2019-09-27T10:08:56Z">
          <reporter-output>
          </reporter-output>
        </test-method> <!-- SetUp -->
        <test-method status="PASS" signature="Set_Excel()[pri:0, instance:Test_Scripts.Main_Test_Script@548e7350]" name="Set_Excel" duration-ms="1038" started-at="2019-09-27T10:08:56Z" finished-at="2019-09-27T10:08:57Z">
          <reporter-output>
          </reporter-output>
        </test-method> <!-- Set_Excel -->
        <test-method status="PASS" signature="Login()[pri:1, instance:Test_Scripts.Main_Test_Script@548e7350]" name="Login" duration-ms="10724" started-at="2019-09-27T10:08:57Z" finished-at="2019-09-27T10:09:08Z">
          <reporter-output>
          </reporter-output>
        </test-method> <!-- Login -->
        <test-method status="PASS" signature="SalaryComponents()[pri:3, instance:Test_Scripts.Main_Test_Script@548e7350]" name="SalaryComponents" duration-ms="26726" started-at="2019-09-27T10:09:08Z" finished-at="2019-09-27T10:09:35Z">
          <reporter-output>
          </reporter-output>
        </test-method> <!-- SalaryComponents -->
        <test-method status="PASS" signature="TearDown()[pri:0, instance:Test_Scripts.Main_Test_Script@548e7350]" name="TearDown" is-config="true" duration-ms="2639" started-at="2019-09-27T10:09:35Z" finished-at="2019-09-27T10:09:37Z">
          <reporter-output>
          </reporter-output>
        </test-method> <!-- TearDown -->
      </class> <!-- Test_Scripts.Main_Test_Script -->
    </test> <!-- Default test -->
  </suite> <!-- Default suite -->
</testng-results>
