<?xml version="1.0" encoding="UTF-8"?>
<testng-results skipped="0" failed="0" ignored="0" total="3" passed="3">
  <reporter-output>
  </reporter-output>
  <suite name="Default suite" duration-ms="25863" started-at="2019-04-12T12:53:29Z" finished-at="2019-04-12T12:53:55Z">
    <groups>
    </groups>
    <test name="Default test" duration-ms="25863" started-at="2019-04-12T12:53:29Z" finished-at="2019-04-12T12:53:55Z">
      <class name="Test_Scripts.Main_Test_Script">
        <test-method status="PASS" signature="SetUp()[pri:0, instance:Test_Scripts.Main_Test_Script@1a3869f4]" name="SetUp" is-config="true" duration-ms="8092" started-at="2019-04-12T12:53:29Z" finished-at="2019-04-12T12:53:37Z">
          <reporter-output>
          </reporter-output>
        </test-method> <!-- SetUp -->
        <test-method status="PASS" signature="Set_Excel()[pri:1, instance:Test_Scripts.Main_Test_Script@1a3869f4]" name="Set_Excel" duration-ms="657" started-at="2019-04-12T12:53:37Z" finished-at="2019-04-12T12:53:37Z">
          <reporter-output>
          </reporter-output>
        </test-method> <!-- Set_Excel -->
        <test-method status="PASS" signature="Login()[pri:2, instance:Test_Scripts.Main_Test_Script@1a3869f4]" name="Login" duration-ms="8661" started-at="2019-04-12T12:53:38Z" finished-at="2019-04-12T12:53:46Z">
          <reporter-output>
          </reporter-output>
        </test-method> <!-- Login -->
        <test-method status="PASS" signature="AddEmploye()[pri:3, instance:Test_Scripts.Main_Test_Script@1a3869f4]" name="AddEmploye" duration-ms="7759" started-at="2019-04-12T12:53:46Z" finished-at="2019-04-12T12:53:54Z">
          <reporter-output>
          </reporter-output>
        </test-method> <!-- AddEmploye -->
        <test-method status="PASS" signature="TearDown()[pri:0, instance:Test_Scripts.Main_Test_Script@1a3869f4]" name="TearDown" is-config="true" duration-ms="666" started-at="2019-04-12T12:53:54Z" finished-at="2019-04-12T12:53:55Z">
          <reporter-output>
          </reporter-output>
        </test-method> <!-- TearDown -->
      </class> <!-- Test_Scripts.Main_Test_Script -->
    </test> <!-- Default test -->
  </suite> <!-- Default suite -->
</testng-results>
