<?xml version="1.0" encoding="UTF-8"?>
<testng-results skipped="0" failed="0" ignored="2" total="3" passed="1">
  <reporter-output>
  </reporter-output>
  <suite name="Default suite" duration-ms="46209" started-at="2020-02-14T09:46:58Z" finished-at="2020-02-14T09:47:44Z">
    <groups>
    </groups>
    <test name="Default test" duration-ms="46209" started-at="2020-02-14T09:46:58Z" finished-at="2020-02-14T09:47:44Z">
      <class name="Test_Scripts.Test_Suit">
        <test-method status="PASS" signature="SetUp()[pri:0, instance:Test_Scripts.Test_Suit@754ba872]" name="SetUp" is-config="true" duration-ms="9405" started-at="2020-02-14T09:46:58Z" finished-at="2020-02-14T09:47:07Z">
          <reporter-output>
          </reporter-output>
        </test-method> <!-- SetUp -->
        <test-method status="PASS" signature="Login()[pri:1, instance:Test_Scripts.Test_Suit@754ba872]" name="Login" duration-ms="36210" started-at="2020-02-14T09:47:07Z" finished-at="2020-02-14T09:47:43Z">
          <reporter-output>
          </reporter-output>
        </test-method> <!-- Login -->
        <test-method status="PASS" signature="TearDown()[pri:0, instance:Test_Scripts.Test_Suit@754ba872]" name="TearDown" is-config="true" duration-ms="561" started-at="2020-02-14T09:47:43Z" finished-at="2020-02-14T09:47:44Z">
          <reporter-output>
          </reporter-output>
        </test-method> <!-- TearDown -->
      </class> <!-- Test_Scripts.Test_Suit -->
    </test> <!-- Default test -->
  </suite> <!-- Default suite -->
</testng-results>
